This file contains any messages produced by compilers while
running configure, to aid debugging if configure makes a mistake.

It was created by configure, which was
generated by GNU Autoconf 2.64.  Invocation command line was

  $ ./configure 

## --------- ##
## Platform. ##
## --------- ##

hostname = dp0304
uname -m = x86_64
uname -r = 3.0.0-12-generic
uname -s = Linux
uname -v = #20-Ubuntu SMP Fri Oct 7 14:56:25 UTC 2011

/usr/bin/uname -p = unknown
/bin/uname -X     = unknown

/bin/arch              = unknown
/usr/bin/arch -k       = unknown
/usr/convex/getsysinfo = unknown
/usr/bin/hostinfo      = unknown
/bin/machine           = unknown
/usr/bin/oslevel       = unknown
/bin/universe          = unknown

PATH: /opt/erl/bin
PATH: /usr/lib/lightdm/lightdm
PATH: /usr/local/sbin
PATH: /usr/local/bin
PATH: /usr/sbin
PATH: /usr/bin
PATH: /sbin
PATH: /bin
PATH: /usr/games


## ----------- ##
## Core tests. ##
## ----------- ##

configure:1802: checking for gcc
configure:1818: found /usr/bin/gcc
configure:1829: result: gcc
configure:2058: checking for C compiler version
configure:2067: gcc --version >&5
gcc (Ubuntu/Linaro 4.6.1-9ubuntu3) 4.6.1
Copyright (C) 2011 Free Software Foundation, Inc.
This is free software; see the source for copying conditions.  There is NO
warranty; not even for MERCHANTABILITY or FITNESS FOR A PARTICULAR PURPOSE.

configure:2078: $? = 0
configure:2067: gcc -v >&5
Using built-in specs.
COLLECT_GCC=gcc
COLLECT_LTO_WRAPPER=/usr/lib/gcc/x86_64-linux-gnu/4.6.1/lto-wrapper
Target: x86_64-linux-gnu
Configured with: ../src/configure -v --with-pkgversion='Ubuntu/Linaro 4.6.1-9ubuntu3' --with-bugurl=file:///usr/share/doc/gcc-4.6/README.Bugs --enable-languages=c,c++,fortran,objc,obj-c++,go --prefix=/usr --program-suffix=-4.6 --enable-shared --enable-linker-build-id --with-system-zlib --libexecdir=/usr/lib --without-included-gettext --enable-threads=posix --with-gxx-include-dir=/usr/include/c++/4.6 --libdir=/usr/lib --enable-nls --with-sysroot=/ --enable-clocale=gnu --enable-libstdcxx-debug --enable-libstdcxx-time=yes --enable-plugin --enable-objc-gc --disable-werror --with-arch-32=i686 --with-tune=generic --enable-checking=release --build=x86_64-linux-gnu --host=x86_64-linux-gnu --target=x86_64-linux-gnu
Thread model: posix
gcc version 4.6.1 (Ubuntu/Linaro 4.6.1-9ubuntu3) 
configure:2078: $? = 0
configure:2067: gcc -V >&5
gcc: error: unrecognized option '-V'
gcc: fatal error: no input files
compilation terminated.
configure:2078: $? = 4
configure:2067: gcc -qversion >&5
gcc: error: unrecognized option '-qversion'
gcc: fatal error: no input files
compilation terminated.
configure:2078: $? = 4
configure:2100: checking for C compiler default output file name
configure:2122: gcc    conftest.c  >&5
configure:2126: $? = 0
configure:2163: result: a.out
configure:2179: checking whether the C compiler works
configure:2188: ./a.out
configure:2192: $? = 0
configure:2207: result: yes
configure:2214: checking whether we are cross compiling
configure:2216: result: no
configure:2219: checking for suffix of executables
configure:2226: gcc -o conftest    conftest.c  >&5
configure:2230: $? = 0
configure:2252: result: 
configure:2258: checking for suffix of object files
configure:2280: gcc -c   conftest.c >&5
configure:2284: $? = 0
configure:2305: result: o
configure:2309: checking whether we are using the GNU C compiler
configure:2328: gcc -c   conftest.c >&5
configure:2328: $? = 0
configure:2337: result: yes
configure:2346: checking whether gcc accepts -g
configure:2366: gcc -c -g  conftest.c >&5
configure:2366: $? = 0
configure:2407: result: yes
configure:2424: checking for gcc option to accept ISO C89
configure:2488: gcc  -c -g -O2  conftest.c >&5
configure:2488: $? = 0
configure:2501: result: none needed
configure:2521: checking whether make sets $(MAKE)
configure:2543: result: yes
configure:2562: checking for emacs
configure:2578: found /usr/bin/emacs
configure:2589: result: emacs
configure:2657: checking for erlc
configure:2676: found /opt/erl/bin/erlc
configure:2688: result: /opt/erl/bin/erlc
configure:2757: checking for erl
configure:2776: found /opt/erl/bin/erl
configure:2788: result: /opt/erl/bin/erl
configure:2907: checking for erlc
configure:2909: result: /opt/erl/bin/erlc
configure:3029: $ERLC $ERLCFLAGS -b beam conftest.$ac_ext >&5 ; echo "#!/bin/sh" > conftest$ac_exeext ; $as_echo "\"$ERL\" -run conftest start -run init stop -noshell" >> conftest$ac_exeext ; chmod +x conftest$ac_exeext
configure:3029: $? = 0
configure:3029: ./conftest
configure:3029: $? = 0
configure:3030: found 64-bit Erlang
configure:3185: creating ./config.status

## ---------------------- ##
## Running config.status. ##
## ---------------------- ##

This file was extended by config.status, which was
generated by GNU Autoconf 2.64.  Invocation command line was

  CONFIG_FILES    = 
  CONFIG_HEADERS  = 
  CONFIG_LINKS    = 
  CONFIG_COMMANDS = 
  $ ./config.status 

on dp0304

config.status:725: creating Makefile
config.status:725: creating c_src/Makefile
config.status:725: creating c_src/suffixtree/Makefile
config.status:725: creating c_src/gsuffixtree/Makefile

## ---------------- ##
## Cache variables. ##
## ---------------- ##

ac_cv_c_compiler_gnu=yes
ac_cv_env_CC_set=
ac_cv_env_CC_value=
ac_cv_env_CFLAGS_set=
ac_cv_env_CFLAGS_value=
ac_cv_env_CPPFLAGS_set=
ac_cv_env_CPPFLAGS_value=
ac_cv_env_ERLCFLAGS_set=
ac_cv_env_ERLCFLAGS_value=
ac_cv_env_ERLC_set=
ac_cv_env_ERLC_value=
ac_cv_env_LDFLAGS_set=
ac_cv_env_LDFLAGS_value=
ac_cv_env_LIBS_set=
ac_cv_env_LIBS_value=
ac_cv_env_build_alias_set=
ac_cv_env_build_alias_value=
ac_cv_env_host_alias_set=
ac_cv_env_host_alias_value=
ac_cv_env_target_alias_set=
ac_cv_env_target_alias_value=
ac_cv_objext=o
ac_cv_path_ac_pt_ERL=/opt/erl/bin/erl
ac_cv_path_ac_pt_ERLC=/opt/erl/bin/erlc
ac_cv_prog_ac_ct_CC=gcc
ac_cv_prog_cc_c89=
ac_cv_prog_cc_g=yes
ac_cv_prog_emacs=emacs
ac_cv_prog_make_make_set=yes

## ----------------- ##
## Output variables. ##
## ----------------- ##

CC='gcc'
CFLAGS='-g -O2 -Wall -m64'
CPPFLAGS=''
DEFS='-DPACKAGE_NAME=\"\" -DPACKAGE_TARNAME=\"\" -DPACKAGE_VERSION=\"\" -DPACKAGE_STRING=\"\" -DPACKAGE_BUGREPORT=\"\" -DPACKAGE_URL=\"\"'
ECHO_C=''
ECHO_N='-n'
ECHO_T=''
ERL='/opt/erl/bin/erl'
ERLC='/opt/erl/bin/erlc'
ERLCFLAGS=''
ERL_CFLAGS='-I/opt/erl/lib/erlang/lib/erl_interface-3.7.7/include -I/opt/erl/lib/erlang/usr/include'
ERL_LIB='-L/opt/erl/lib/erlang/lib/erl_interface-3.7.7/lib -lerl_interface -lei'
EXEEXT=''
LDFLAGS=' -m64'
LIBOBJS=''
LIBS=''
LTLIBOBJS=''
OBJEXT='o'
PACKAGE_BUGREPORT=''
PACKAGE_NAME=''
PACKAGE_STRING=''
PACKAGE_TARNAME=''
PACKAGE_URL=''
PACKAGE_VERSION=''
PATH_SEPARATOR=':'
SET_MAKE=''
SHELL='/bin/bash'
ac_ct_CC='gcc'
bindir='${exec_prefix}/bin'
build_alias=''
datadir='${datarootdir}'
datarootdir='${prefix}/share'
docdir='${datarootdir}/doc/${PACKAGE}'
dvidir='${docdir}'
emacs='emacs'
exec_prefix='${prefix}'
host_alias=''
htmldir='${docdir}'
includedir='${prefix}/include'
infodir='${datarootdir}/info'
libdir='${exec_prefix}/lib'
libexecdir='${exec_prefix}/libexec'
localedir='${datarootdir}/locale'
localstatedir='${prefix}/var'
mandir='${datarootdir}/man'
oldincludedir='/usr/include'
pdfdir='${docdir}'
prefix='/usr/local'
program_transform_name='s,x,x,'
psdir='${docdir}'
sbindir='${exec_prefix}/sbin'
sharedstatedir='${prefix}/com'
sysconfdir='${prefix}/etc'
target_alias=''

## ----------- ##
## confdefs.h. ##
## ----------- ##

/* confdefs.h */
#define PACKAGE_NAME ""
#define PACKAGE_TARNAME ""
#define PACKAGE_VERSION ""
#define PACKAGE_STRING ""
#define PACKAGE_BUGREPORT ""
#define PACKAGE_URL ""

configure: exit 0
